<?xml version="1.0" encoding="UTF-8"?>
<testsuite name="io.yolabs.libs.weavecommon.tlv.TLVEncoderDecoderTest" tests="8" skipped="0" failures="0" errors="0" timestamp="2022-12-07T03:09:53" hostname="sgujjaru_mac" time="0.008">
  <properties/>
  <testcase name="decoder should be able to fully qualified profile tag with large tag value()" classname="io.yolabs.libs.weavecommon.tlv.TLVEncoderDecoderTest" time="0.002"/>
  <testcase name="decoder should be able to parse structure()" classname="io.yolabs.libs.weavecommon.tlv.TLVEncoderDecoderTest" time="0.0"/>
  <testcase name="decoder should be able to parse core profile tag(100000)()" classname="io.yolabs.libs.weavecommon.tlv.TLVEncoderDecoderTest" time="0.001"/>
  <testcase name="decoder should be able to parse ContextTag(1)()" classname="io.yolabs.libs.weavecommon.tlv.TLVEncoderDecoderTest" time="0.001"/>
  <testcase name="decoder should be able to decode unsigned integer()" classname="io.yolabs.libs.weavecommon.tlv.TLVEncoderDecoderTest" time="0.001"/>
  <testcase name="decoder should be able to parse fully qualified profile tag()" classname="io.yolabs.libs.weavecommon.tlv.TLVEncoderDecoderTest" time="0.001"/>
  <testcase name="decoder should be able to parse structure with implicit tags()" classname="io.yolabs.libs.weavecommon.tlv.TLVEncoderDecoderTest" time="0.0"/>
  <testcase name="decoder should be able to parse core profile tag(1)()" classname="io.yolabs.libs.weavecommon.tlv.TLVEncoderDecoderTest" time="0.001"/>
  <system-out><![CDATA[]]></system-out>
  <system-err><![CDATA[]]></system-err>
</testsuite>
