<?xml version="1.0" encoding="UTF-8"?>
<testsuite name="io.yolabs.libs.weavecommon.pairing.PairingUtilsTest" tests="4" skipped="0" failures="0" errors="0" timestamp="2022-12-07T03:09:53" hostname="sgujjaru_mac" time="0.015">
  <properties/>
  <testcase name="generating a pairing code should work()" classname="io.yolabs.libs.weavecommon.pairing.PairingUtilsTest" time="0.01"/>
  <testcase name="generating a discriminator should work()" classname="io.yolabs.libs.weavecommon.pairing.PairingUtilsTest" time="0.002"/>
  <testcase name="generated passcode should work()" classname="io.yolabs.libs.weavecommon.pairing.PairingUtilsTest" time="0.0"/>
  <testcase name="generating a qr code string should work()" classname="io.yolabs.libs.weavecommon.pairing.PairingUtilsTest" time="0.002"/>
  <system-out><![CDATA[]]></system-out>
  <system-err><![CDATA[]]></system-err>
</testsuite>
