<?xml version="1.0" encoding="UTF-8"?>
<testsuite name="io.yolabs.libs.weavecommon.security.TypesAndExtensionsTest" tests="126" skipped="0" failures="0" errors="0" timestamp="2022-12-07T03:09:52" hostname="sgujjaru_mac" time="0.212">
  <properties/>
  <testcase name="Should convert AsnOID 2.5.4.3 to DNAttribute CommonName(value=Str(value=42))" classname="io.yolabs.libs.weavecommon.security.TypesAndExtensionsTest" time="0.028"/>
  <testcase name="Should convert AsnOID 2.5.4.4 to DNAttribute Surname(value=Str(value=42))" classname="io.yolabs.libs.weavecommon.security.TypesAndExtensionsTest" time="0.001"/>
  <testcase name="Should convert AsnOID 2.5.4.5 to DNAttribute SerialNum(value=Str(value=42))" classname="io.yolabs.libs.weavecommon.security.TypesAndExtensionsTest" time="0.0"/>
  <testcase name="Should convert AsnOID 2.5.4.6 to DNAttribute CountryName(value=Str(value=42))" classname="io.yolabs.libs.weavecommon.security.TypesAndExtensionsTest" time="0.0"/>
  <testcase name="Should convert AsnOID 2.5.4.7 to DNAttribute LocalityName(value=Str(value=42))" classname="io.yolabs.libs.weavecommon.security.TypesAndExtensionsTest" time="0.0"/>
  <testcase name="Should convert AsnOID 2.5.4.8 to DNAttribute StateOrProvinceName(value=Str(value=42))" classname="io.yolabs.libs.weavecommon.security.TypesAndExtensionsTest" time="0.001"/>
  <testcase name="Should convert AsnOID 2.5.4.10 to DNAttribute OrgName(value=Str(value=42))" classname="io.yolabs.libs.weavecommon.security.TypesAndExtensionsTest" time="0.001"/>
  <testcase name="Should convert AsnOID 2.5.4.11 to DNAttribute OrgUnitName(value=Str(value=42))" classname="io.yolabs.libs.weavecommon.security.TypesAndExtensionsTest" time="0.001"/>
  <testcase name="Should convert AsnOID 2.5.4.12 to DNAttribute Title(value=Str(value=42))" classname="io.yolabs.libs.weavecommon.security.TypesAndExtensionsTest" time="0.0"/>
  <testcase name="Should convert AsnOID 2.5.4.41 to DNAttribute Name(value=Str(value=42))" classname="io.yolabs.libs.weavecommon.security.TypesAndExtensionsTest" time="0.001"/>
  <testcase name="Should convert AsnOID 2.5.4.42 to DNAttribute GivenName(value=Str(value=42))" classname="io.yolabs.libs.weavecommon.security.TypesAndExtensionsTest" time="0.001"/>
  <testcase name="Should convert AsnOID 2.5.4.43 to DNAttribute Initials(value=Str(value=42))" classname="io.yolabs.libs.weavecommon.security.TypesAndExtensionsTest" time="0.0"/>
  <testcase name="Should convert AsnOID 2.5.4.44 to DNAttribute GenQualifier(value=Str(value=42))" classname="io.yolabs.libs.weavecommon.security.TypesAndExtensionsTest" time="0.001"/>
  <testcase name="Should convert AsnOID 2.5.4.46 to DNAttribute DnQualifier(value=Str(value=42))" classname="io.yolabs.libs.weavecommon.security.TypesAndExtensionsTest" time="0.0"/>
  <testcase name="Should convert AsnOID 2.5.4.65 to DNAttribute Pseudonym(value=Str(value=42))" classname="io.yolabs.libs.weavecommon.security.TypesAndExtensionsTest" time="0.001"/>
  <testcase name="Should convert AsnOID 0.9.2342.19200300.100.1.25 to DNAttribute DomainComponent(value=Str(value=42))" classname="io.yolabs.libs.weavecommon.security.TypesAndExtensionsTest" time="0.001"/>
  <testcase name="Should convert AsnOID 1.3.6.1.4.1.37244.1.1 to DNAttribute ChipNodeId(value=ULong(value=66))" classname="io.yolabs.libs.weavecommon.security.TypesAndExtensionsTest" time="0.001"/>
  <testcase name="Should convert AsnOID 1.3.6.1.4.1.37244.1.2 to DNAttribute ChipFirmwareSigningId(value=ULong(value=66))" classname="io.yolabs.libs.weavecommon.security.TypesAndExtensionsTest" time="0.0"/>
  <testcase name="Should convert AsnOID 1.3.6.1.4.1.37244.1.3 to DNAttribute ChipIcaId(value=ULong(value=66))" classname="io.yolabs.libs.weavecommon.security.TypesAndExtensionsTest" time="0.0"/>
  <testcase name="Should convert AsnOID 1.3.6.1.4.1.37244.1.4 to DNAttribute ChipRootCaId(value=ULong(value=66))" classname="io.yolabs.libs.weavecommon.security.TypesAndExtensionsTest" time="0.001"/>
  <testcase name="Should convert AsnOID 1.3.6.1.4.1.37244.1.5 to DNAttribute ChipFabricId(value=ULong(value=66))" classname="io.yolabs.libs.weavecommon.security.TypesAndExtensionsTest" time="0.0"/>
  <testcase name="Should convert AsnOID 1.3.6.1.4.1.37244.1.6 to DNAttribute ChipOpCertAt1(value=ULong(value=66))" classname="io.yolabs.libs.weavecommon.security.TypesAndExtensionsTest" time="0.0"/>
  <testcase name="Should convert AsnOID 1.3.6.1.4.1.37244.1.7 to DNAttribute ChipOpCertAt2(value=ULong(value=66))" classname="io.yolabs.libs.weavecommon.security.TypesAndExtensionsTest" time="0.001"/>
  <testcase name="should dencode ExtendedKeyUsage correctly()" classname="io.yolabs.libs.weavecommon.security.TypesAndExtensionsTest" time="0.01"/>
  <testcase name="should fail to map an unknown value to keyPurposeId()" classname="io.yolabs.libs.weavecommon.security.TypesAndExtensionsTest" time="0.004"/>
  <testcase name="should parse BasicConstraints correctly from TLV()" classname="io.yolabs.libs.weavecommon.security.TypesAndExtensionsTest" time="0.009"/>
  <testcase name="should be able to extract RDN pair for IA5 String tag elements()" classname="io.yolabs.libs.weavecommon.security.TypesAndExtensionsTest" time="0.004"/>
  <testcase name="Should convert 2.5.4.3 to ASNOid 2.5.4.3" classname="io.yolabs.libs.weavecommon.security.TypesAndExtensionsTest" time="0.0"/>
  <testcase name="Should convert 2.5.4.4 to ASNOid 2.5.4.4" classname="io.yolabs.libs.weavecommon.security.TypesAndExtensionsTest" time="0.001"/>
  <testcase name="Should convert 2.5.4.5 to ASNOid 2.5.4.5" classname="io.yolabs.libs.weavecommon.security.TypesAndExtensionsTest" time="0.0"/>
  <testcase name="Should convert 2.5.4.6 to ASNOid 2.5.4.6" classname="io.yolabs.libs.weavecommon.security.TypesAndExtensionsTest" time="0.001"/>
  <testcase name="Should convert 2.5.4.7 to ASNOid 2.5.4.7" classname="io.yolabs.libs.weavecommon.security.TypesAndExtensionsTest" time="0.001"/>
  <testcase name="Should convert 2.5.4.8 to ASNOid 2.5.4.8" classname="io.yolabs.libs.weavecommon.security.TypesAndExtensionsTest" time="0.0"/>
  <testcase name="Should convert 2.5.4.10 to ASNOid 2.5.4.10" classname="io.yolabs.libs.weavecommon.security.TypesAndExtensionsTest" time="0.0"/>
  <testcase name="Should convert 2.5.4.11 to ASNOid 2.5.4.11" classname="io.yolabs.libs.weavecommon.security.TypesAndExtensionsTest" time="0.0"/>
  <testcase name="Should convert 2.5.4.12 to ASNOid 2.5.4.12" classname="io.yolabs.libs.weavecommon.security.TypesAndExtensionsTest" time="0.0"/>
  <testcase name="Should convert 2.5.4.41 to ASNOid 2.5.4.41" classname="io.yolabs.libs.weavecommon.security.TypesAndExtensionsTest" time="0.0"/>
  <testcase name="Should convert 2.5.4.42 to ASNOid 2.5.4.42" classname="io.yolabs.libs.weavecommon.security.TypesAndExtensionsTest" time="0.0"/>
  <testcase name="Should convert 2.5.4.43 to ASNOid 2.5.4.43" classname="io.yolabs.libs.weavecommon.security.TypesAndExtensionsTest" time="0.001"/>
  <testcase name="Should convert 2.5.4.44 to ASNOid 2.5.4.44" classname="io.yolabs.libs.weavecommon.security.TypesAndExtensionsTest" time="0.003"/>
  <testcase name="Should convert 2.5.4.46 to ASNOid 2.5.4.46" classname="io.yolabs.libs.weavecommon.security.TypesAndExtensionsTest" time="0.001"/>
  <testcase name="Should convert 2.5.4.65 to ASNOid 2.5.4.65" classname="io.yolabs.libs.weavecommon.security.TypesAndExtensionsTest" time="0.0"/>
  <testcase name="Should convert tlv value[1] to KeyPurposeId SERVER_AUTH" classname="io.yolabs.libs.weavecommon.security.TypesAndExtensionsTest" time="0.0"/>
  <testcase name="Should convert tlv value[2] to KeyPurposeId CLIENT_AUTH" classname="io.yolabs.libs.weavecommon.security.TypesAndExtensionsTest" time="0.0"/>
  <testcase name="Should convert tlv value[3] to KeyPurposeId CODE_SIGNING" classname="io.yolabs.libs.weavecommon.security.TypesAndExtensionsTest" time="0.0"/>
  <testcase name="Should convert tlv value[4] to KeyPurposeId EMAIL_PROTECTION" classname="io.yolabs.libs.weavecommon.security.TypesAndExtensionsTest" time="0.001"/>
  <testcase name="Should convert tlv value[5] to KeyPurposeId TIMESTAMPING" classname="io.yolabs.libs.weavecommon.security.TypesAndExtensionsTest" time="0.0"/>
  <testcase name="Should convert tlv value[6] to KeyPurposeId OCSP_SIGNING" classname="io.yolabs.libs.weavecommon.security.TypesAndExtensionsTest" time="0.0"/>
  <testcase name="should fail extracting DNAttribute from a malformed Elem()" classname="io.yolabs.libs.weavecommon.security.TypesAndExtensionsTest" time="0.008"/>
  <testcase name="Should extract DNAttribute from an Elem(ContextTag(value=1), Str(value=42))" classname="io.yolabs.libs.weavecommon.security.TypesAndExtensionsTest" time="0.0"/>
  <testcase name="Should extract DNAttribute from an Elem(ContextTag(value=2), Str(value=42))" classname="io.yolabs.libs.weavecommon.security.TypesAndExtensionsTest" time="0.001"/>
  <testcase name="Should extract DNAttribute from an Elem(ContextTag(value=3), Str(value=42))" classname="io.yolabs.libs.weavecommon.security.TypesAndExtensionsTest" time="0.001"/>
  <testcase name="Should extract DNAttribute from an Elem(ContextTag(value=4), Str(value=42))" classname="io.yolabs.libs.weavecommon.security.TypesAndExtensionsTest" time="0.0"/>
  <testcase name="Should extract DNAttribute from an Elem(ContextTag(value=5), Str(value=42))" classname="io.yolabs.libs.weavecommon.security.TypesAndExtensionsTest" time="0.001"/>
  <testcase name="Should extract DNAttribute from an Elem(ContextTag(value=6), Str(value=42))" classname="io.yolabs.libs.weavecommon.security.TypesAndExtensionsTest" time="0.0"/>
  <testcase name="Should extract DNAttribute from an Elem(ContextTag(value=7), Str(value=42))" classname="io.yolabs.libs.weavecommon.security.TypesAndExtensionsTest" time="0.0"/>
  <testcase name="Should extract DNAttribute from an Elem(ContextTag(value=8), Str(value=42))" classname="io.yolabs.libs.weavecommon.security.TypesAndExtensionsTest" time="0.0"/>
  <testcase name="Should extract DNAttribute from an Elem(ContextTag(value=9), Str(value=42))" classname="io.yolabs.libs.weavecommon.security.TypesAndExtensionsTest" time="0.0"/>
  <testcase name="Should extract DNAttribute from an Elem(ContextTag(value=10), Str(value=42))" classname="io.yolabs.libs.weavecommon.security.TypesAndExtensionsTest" time="0.001"/>
  <testcase name="Should extract DNAttribute from an Elem(ContextTag(value=11), Str(value=42))" classname="io.yolabs.libs.weavecommon.security.TypesAndExtensionsTest" time="0.001"/>
  <testcase name="Should extract DNAttribute from an Elem(ContextTag(value=12), Str(value=42))" classname="io.yolabs.libs.weavecommon.security.TypesAndExtensionsTest" time="0.001"/>
  <testcase name="Should extract DNAttribute from an Elem(ContextTag(value=13), Str(value=42))" classname="io.yolabs.libs.weavecommon.security.TypesAndExtensionsTest" time="0.001"/>
  <testcase name="Should extract DNAttribute from an Elem(ContextTag(value=14), Str(value=42))" classname="io.yolabs.libs.weavecommon.security.TypesAndExtensionsTest" time="0.001"/>
  <testcase name="Should extract DNAttribute from an Elem(ContextTag(value=15), Str(value=42))" classname="io.yolabs.libs.weavecommon.security.TypesAndExtensionsTest" time="0.001"/>
  <testcase name="Should extract DNAttribute from an Elem(ContextTag(value=16), Str(value=42))" classname="io.yolabs.libs.weavecommon.security.TypesAndExtensionsTest" time="0.001"/>
  <testcase name="Should extract DNAttribute from an Elem(ContextTag(value=17), ULong(value=66))" classname="io.yolabs.libs.weavecommon.security.TypesAndExtensionsTest" time="0.001"/>
  <testcase name="Should extract DNAttribute from an Elem(ContextTag(value=18), ULong(value=66))" classname="io.yolabs.libs.weavecommon.security.TypesAndExtensionsTest" time="0.0"/>
  <testcase name="Should extract DNAttribute from an Elem(ContextTag(value=19), ULong(value=66))" classname="io.yolabs.libs.weavecommon.security.TypesAndExtensionsTest" time="0.0"/>
  <testcase name="Should extract DNAttribute from an Elem(ContextTag(value=20), ULong(value=66))" classname="io.yolabs.libs.weavecommon.security.TypesAndExtensionsTest" time="0.0"/>
  <testcase name="Should extract DNAttribute from an Elem(ContextTag(value=21), ULong(value=66))" classname="io.yolabs.libs.weavecommon.security.TypesAndExtensionsTest" time="0.0"/>
  <testcase name="Should extract DNAttribute from an Elem(ContextTag(value=22), ULong(value=66))" classname="io.yolabs.libs.weavecommon.security.TypesAndExtensionsTest" time="0.001"/>
  <testcase name="Should extract DNAttribute from an Elem(ContextTag(value=23), ULong(value=66))" classname="io.yolabs.libs.weavecommon.security.TypesAndExtensionsTest" time="0.001"/>
  <testcase name="Should extract DNAttribute from an Elem(ContextTag(value=129), Str(value=42))" classname="io.yolabs.libs.weavecommon.security.TypesAndExtensionsTest" time="0.0"/>
  <testcase name="Should extract DNAttribute from an Elem(ContextTag(value=130), Str(value=42))" classname="io.yolabs.libs.weavecommon.security.TypesAndExtensionsTest" time="0.0"/>
  <testcase name="Should extract DNAttribute from an Elem(ContextTag(value=131), Str(value=42))" classname="io.yolabs.libs.weavecommon.security.TypesAndExtensionsTest" time="0.0"/>
  <testcase name="Should extract DNAttribute from an Elem(ContextTag(value=132), Str(value=42))" classname="io.yolabs.libs.weavecommon.security.TypesAndExtensionsTest" time="0.001"/>
  <testcase name="Should extract DNAttribute from an Elem(ContextTag(value=133), Str(value=42))" classname="io.yolabs.libs.weavecommon.security.TypesAndExtensionsTest" time="0.0"/>
  <testcase name="Should extract DNAttribute from an Elem(ContextTag(value=134), Str(value=42))" classname="io.yolabs.libs.weavecommon.security.TypesAndExtensionsTest" time="0.0"/>
  <testcase name="Should extract DNAttribute from an Elem(ContextTag(value=135), Str(value=42))" classname="io.yolabs.libs.weavecommon.security.TypesAndExtensionsTest" time="0.0"/>
  <testcase name="Should extract DNAttribute from an Elem(ContextTag(value=136), Str(value=42))" classname="io.yolabs.libs.weavecommon.security.TypesAndExtensionsTest" time="0.001"/>
  <testcase name="Should extract DNAttribute from an Elem(ContextTag(value=137), Str(value=42))" classname="io.yolabs.libs.weavecommon.security.TypesAndExtensionsTest" time="0.0"/>
  <testcase name="Should extract DNAttribute from an Elem(ContextTag(value=138), Str(value=42))" classname="io.yolabs.libs.weavecommon.security.TypesAndExtensionsTest" time="0.0"/>
  <testcase name="Should extract DNAttribute from an Elem(ContextTag(value=139), Str(value=42))" classname="io.yolabs.libs.weavecommon.security.TypesAndExtensionsTest" time="0.0"/>
  <testcase name="Should extract DNAttribute from an Elem(ContextTag(value=140), Str(value=42))" classname="io.yolabs.libs.weavecommon.security.TypesAndExtensionsTest" time="0.0"/>
  <testcase name="Should extract DNAttribute from an Elem(ContextTag(value=141), Str(value=42))" classname="io.yolabs.libs.weavecommon.security.TypesAndExtensionsTest" time="0.0"/>
  <testcase name="Should extract DNAttribute from an Elem(ContextTag(value=142), Str(value=42))" classname="io.yolabs.libs.weavecommon.security.TypesAndExtensionsTest" time="0.0"/>
  <testcase name="Should extract DNAttribute from an Elem(ContextTag(value=143), Str(value=42))" classname="io.yolabs.libs.weavecommon.security.TypesAndExtensionsTest" time="0.001"/>
  <testcase name="should fail decoding when the tag is an unsupported KeyPurposeId()" classname="io.yolabs.libs.weavecommon.security.TypesAndExtensionsTest" time="0.003"/>
  <testcase name="should dencode certificate simpler correctly()" classname="io.yolabs.libs.weavecommon.security.TypesAndExtensionsTest" time="0.001"/>
  <testcase name="should dencode operational CSR info object and back()" classname="io.yolabs.libs.weavecommon.security.TypesAndExtensionsTest" time="0.005"/>
  <testcase name="should fail decoding when the tag is not an extension()" classname="io.yolabs.libs.weavecommon.security.TypesAndExtensionsTest" time="0.0"/>
  <testcase name="should dencode operational CSR to object and back()" classname="io.yolabs.libs.weavecommon.security.TypesAndExtensionsTest" time="0.0"/>
  <testcase name="Should convert 1.3.6.1.5.5.7.3.1 to KeyPurposeId SERVER_AUTH" classname="io.yolabs.libs.weavecommon.security.TypesAndExtensionsTest" time="0.0"/>
  <testcase name="Should convert 1.3.6.1.5.5.7.3.2 to KeyPurposeId CLIENT_AUTH" classname="io.yolabs.libs.weavecommon.security.TypesAndExtensionsTest" time="0.001"/>
  <testcase name="Should convert 1.3.6.1.5.5.7.3.3 to KeyPurposeId CODE_SIGNING" classname="io.yolabs.libs.weavecommon.security.TypesAndExtensionsTest" time="0.001"/>
  <testcase name="Should convert 1.3.6.1.5.5.7.3.4 to KeyPurposeId EMAIL_PROTECTION" classname="io.yolabs.libs.weavecommon.security.TypesAndExtensionsTest" time="0.001"/>
  <testcase name="Should convert 1.3.6.1.5.5.7.3.8 to KeyPurposeId TIMESTAMPING" classname="io.yolabs.libs.weavecommon.security.TypesAndExtensionsTest" time="0.001"/>
  <testcase name="Should convert 1.3.6.1.5.5.7.3.9 to KeyPurposeId OCSP_SIGNING" classname="io.yolabs.libs.weavecommon.security.TypesAndExtensionsTest" time="0.001"/>
  <testcase name="should fail mapping an unknown dnAttribute()" classname="io.yolabs.libs.weavecommon.security.TypesAndExtensionsTest" time="0.001"/>
  <testcase name="Should extract RDN pair as 2.5.4.3 for a given DNAttribute CommonName(value=Str(value=42))" classname="io.yolabs.libs.weavecommon.security.TypesAndExtensionsTest" time="0.001"/>
  <testcase name="Should extract RDN pair as 2.5.4.4 for a given DNAttribute Surname(value=Str(value=42))" classname="io.yolabs.libs.weavecommon.security.TypesAndExtensionsTest" time="0.001"/>
  <testcase name="Should extract RDN pair as 2.5.4.5 for a given DNAttribute SerialNum(value=Str(value=42))" classname="io.yolabs.libs.weavecommon.security.TypesAndExtensionsTest" time="0.001"/>
  <testcase name="Should extract RDN pair as 2.5.4.6 for a given DNAttribute CountryName(value=Str(value=42))" classname="io.yolabs.libs.weavecommon.security.TypesAndExtensionsTest" time="0.0"/>
  <testcase name="Should extract RDN pair as 2.5.4.7 for a given DNAttribute LocalityName(value=Str(value=42))" classname="io.yolabs.libs.weavecommon.security.TypesAndExtensionsTest" time="0.0"/>
  <testcase name="Should extract RDN pair as 2.5.4.8 for a given DNAttribute StateOrProvinceName(value=Str(value=42))" classname="io.yolabs.libs.weavecommon.security.TypesAndExtensionsTest" time="0.0"/>
  <testcase name="Should extract RDN pair as 2.5.4.10 for a given DNAttribute OrgName(value=Str(value=42))" classname="io.yolabs.libs.weavecommon.security.TypesAndExtensionsTest" time="0.0"/>
  <testcase name="Should extract RDN pair as 2.5.4.11 for a given DNAttribute OrgUnitName(value=Str(value=42))" classname="io.yolabs.libs.weavecommon.security.TypesAndExtensionsTest" time="0.001"/>
  <testcase name="Should extract RDN pair as 2.5.4.12 for a given DNAttribute Title(value=Str(value=42))" classname="io.yolabs.libs.weavecommon.security.TypesAndExtensionsTest" time="0.0"/>
  <testcase name="Should extract RDN pair as 2.5.4.41 for a given DNAttribute Name(value=Str(value=42))" classname="io.yolabs.libs.weavecommon.security.TypesAndExtensionsTest" time="0.0"/>
  <testcase name="Should extract RDN pair as 2.5.4.42 for a given DNAttribute GivenName(value=Str(value=42))" classname="io.yolabs.libs.weavecommon.security.TypesAndExtensionsTest" time="0.0"/>
  <testcase name="Should extract RDN pair as 2.5.4.43 for a given DNAttribute Initials(value=Str(value=42))" classname="io.yolabs.libs.weavecommon.security.TypesAndExtensionsTest" time="0.001"/>
  <testcase name="Should extract RDN pair as 2.5.4.44 for a given DNAttribute GenQualifier(value=Str(value=42))" classname="io.yolabs.libs.weavecommon.security.TypesAndExtensionsTest" time="0.0"/>
  <testcase name="Should extract RDN pair as 2.5.4.46 for a given DNAttribute DnQualifier(value=Str(value=42))" classname="io.yolabs.libs.weavecommon.security.TypesAndExtensionsTest" time="0.0"/>
  <testcase name="Should extract RDN pair as 2.5.4.65 for a given DNAttribute Pseudonym(value=Str(value=42))" classname="io.yolabs.libs.weavecommon.security.TypesAndExtensionsTest" time="0.001"/>
  <testcase name="Should extract RDN pair as 0.9.2342.19200300.100.1.25 for a given DNAttribute DomainComponent(value=Str(value=42))" classname="io.yolabs.libs.weavecommon.security.TypesAndExtensionsTest" time="0.001"/>
  <testcase name="Should extract RDN pair as 1.3.6.1.4.1.37244.1.1 for a given DNAttribute ChipNodeId(value=ULong(value=66))" classname="io.yolabs.libs.weavecommon.security.TypesAndExtensionsTest" time="0.0"/>
  <testcase name="Should extract RDN pair as 1.3.6.1.4.1.37244.1.2 for a given DNAttribute ChipFirmwareSigningId(value=ULong(value=66))" classname="io.yolabs.libs.weavecommon.security.TypesAndExtensionsTest" time="0.0"/>
  <testcase name="Should extract RDN pair as 1.3.6.1.4.1.37244.1.3 for a given DNAttribute ChipIcaId(value=ULong(value=66))" classname="io.yolabs.libs.weavecommon.security.TypesAndExtensionsTest" time="0.0"/>
  <testcase name="Should extract RDN pair as 1.3.6.1.4.1.37244.1.4 for a given DNAttribute ChipRootCaId(value=ULong(value=66))" classname="io.yolabs.libs.weavecommon.security.TypesAndExtensionsTest" time="0.0"/>
  <testcase name="Should extract RDN pair as 1.3.6.1.4.1.37244.1.5 for a given DNAttribute ChipFabricId(value=ULong(value=66))" classname="io.yolabs.libs.weavecommon.security.TypesAndExtensionsTest" time="0.001"/>
  <testcase name="Should extract RDN pair as 1.3.6.1.4.1.37244.1.6 for a given DNAttribute ChipOpCertAt1(value=ULong(value=66))" classname="io.yolabs.libs.weavecommon.security.TypesAndExtensionsTest" time="0.001"/>
  <testcase name="Should extract RDN pair as 1.3.6.1.4.1.37244.1.7 for a given DNAttribute ChipOpCertAt2(value=ULong(value=66))" classname="io.yolabs.libs.weavecommon.security.TypesAndExtensionsTest" time="0.0"/>
  <testcase name="should dencode Signature correctly()" classname="io.yolabs.libs.weavecommon.security.TypesAndExtensionsTest" time="0.001"/>
  <testcase name="should be able to correctly decode a key usage()" classname="io.yolabs.libs.weavecommon.security.TypesAndExtensionsTest" time="0.004"/>
  <testcase name="should map the correct key usages()" classname="io.yolabs.libs.weavecommon.security.TypesAndExtensionsTest" time="0.0"/>
  <testcase name="should dencode operation CSR to object when optional fields are null()" classname="io.yolabs.libs.weavecommon.security.TypesAndExtensionsTest" time="0.0"/>
  <system-out><![CDATA[]]></system-out>
  <system-err><![CDATA[]]></system-err>
</testsuite>
