<?xml version="1.0" encoding="UTF-8"?>
<testsuite name="io.yolabs.libs.weavecommon.verhoeff.VerhoeffTest" tests="10" skipped="0" failures="0" errors="0" timestamp="2022-12-07T03:09:53" hostname="sgujjaru_mac" time="0.004">
  <properties/>
  <testcase name="Should generate Verhoeff of 6445607 and validate it" classname="io.yolabs.libs.weavecommon.verhoeff.VerhoeffTest" time="0.0"/>
  <testcase name="Should generate Verhoeff of 5723948 and validate it" classname="io.yolabs.libs.weavecommon.verhoeff.VerhoeffTest" time="0.0"/>
  <testcase name="Should generate Verhoeff of 1346855 and validate it" classname="io.yolabs.libs.weavecommon.verhoeff.VerhoeffTest" time="0.0"/>
  <testcase name="Should generate Verhoeff of 9829381 and validate it" classname="io.yolabs.libs.weavecommon.verhoeff.VerhoeffTest" time="0.0"/>
  <testcase name="Should generate Verhoeff of 1022056 and validate it" classname="io.yolabs.libs.weavecommon.verhoeff.VerhoeffTest" time="0.0"/>
  <testcase name="Should generate Verhoeff of 3947942 and validate it" classname="io.yolabs.libs.weavecommon.verhoeff.VerhoeffTest" time="0.001"/>
  <testcase name="Should generate Verhoeff of 8800312 and validate it" classname="io.yolabs.libs.weavecommon.verhoeff.VerhoeffTest" time="0.0"/>
  <testcase name="Should generate Verhoeff of 8947929 and validate it" classname="io.yolabs.libs.weavecommon.verhoeff.VerhoeffTest" time="0.0"/>
  <testcase name="Should generate Verhoeff of 6756453 and validate it" classname="io.yolabs.libs.weavecommon.verhoeff.VerhoeffTest" time="0.0"/>
  <testcase name="Should generate Verhoeff of 5351419 and validate it" classname="io.yolabs.libs.weavecommon.verhoeff.VerhoeffTest" time="0.0"/>
  <system-out><![CDATA[]]></system-out>
  <system-err><![CDATA[]]></system-err>
</testsuite>
