<?xml version="1.0" encoding="UTF-8"?>
<testsuite name="io.yolabs.libs.weavecommon.security.CertDecoderTest" tests="1" skipped="0" failures="0" errors="0" timestamp="2022-12-07T03:09:53" hostname="sgujjaru_mac" time="0.005">
  <properties/>
  <testcase name="test hex dump of a byte buffer()" classname="io.yolabs.libs.weavecommon.security.CertDecoderTest" time="0.005"/>
  <system-out><![CDATA[]]></system-out>
  <system-err><![CDATA[]]></system-err>
</testsuite>
