<?xml version="1.0" encoding="UTF-8"?>
<testsuite name="io.yolabs.libs.weavecommon.HexdumpTest" tests="2" skipped="0" failures="0" errors="0" timestamp="2022-12-07T03:09:53" hostname="sgujjaru_mac" time="0.002">
  <properties/>
  <testcase name="test hex string of a byte array()" classname="io.yolabs.libs.weavecommon.HexdumpTest" time="0.0"/>
  <testcase name="test hex dump of a byte buffer()" classname="io.yolabs.libs.weavecommon.HexdumpTest" time="0.001"/>
  <system-out><![CDATA[]]></system-out>
  <system-err><![CDATA[]]></system-err>
</testsuite>
