<?xml version="1.0" encoding="UTF-8"?>
<testsuite name="io.yolabs.libs.weavecommon.security.SpakeUtilsTest" tests="2" skipped="0" failures="0" errors="0" timestamp="2022-12-07T03:09:53" hostname="sgujjaru_mac" time="0.14">
  <properties/>
  <testcase name="should generate spake salt correctly()" classname="io.yolabs.libs.weavecommon.security.SpakeUtilsTest" time="0.118"/>
  <testcase name="should generate a PBKDF hash for a given key length()" classname="io.yolabs.libs.weavecommon.security.SpakeUtilsTest" time="0.021"/>
  <system-out><![CDATA[]]></system-out>
  <system-err><![CDATA[]]></system-err>
</testsuite>
